2023-07-13 13:41:18,725 - kedro.framework.session.session - INFO - Kedro project pyspark-spaceflights
2023-07-13 13:42:09,924 - kedro.io.data_catalog - INFO - Loading data from 'companies' (CSVDataSet)...
2023-07-13 13:42:10,010 - kedro.pipeline.node - INFO - Running node: preprocess_companies_node: preprocess_companies([companies]) -> [preprocessed_companies]
2023-07-13 13:42:10,079 - kedro.io.data_catalog - INFO - Saving data to 'preprocessed_companies' (ParquetDataSet)...
2023-07-13 13:42:11,041 - kedro.runner.sequential_runner - INFO - Completed 1 out of 6 tasks
2023-07-13 13:42:11,043 - kedro.io.data_catalog - INFO - Loading data from 'shuttles' (ExcelDataSet)...
2023-07-13 13:42:25,666 - kedro.pipeline.node - INFO - Running node: preprocess_shuttles_node: preprocess_shuttles([shuttles]) -> [preprocessed_shuttles]
2023-07-13 13:42:25,820 - kedro.io.data_catalog - INFO - Saving data to 'preprocessed_shuttles' (ParquetDataSet)...
2023-07-13 13:42:25,927 - kedro.runner.sequential_runner - INFO - Completed 2 out of 6 tasks
2023-07-13 13:42:25,929 - kedro.io.data_catalog - INFO - Loading data from 'preprocessed_shuttles' (ParquetDataSet)...
2023-07-13 13:42:27,202 - kedro.io.data_catalog - INFO - Loading data from 'preprocessed_companies' (ParquetDataSet)...
2023-07-13 13:42:27,228 - kedro.io.data_catalog - INFO - Loading data from 'reviews' (CSVDataSet)...
2023-07-13 13:42:27,401 - kedro.pipeline.node - INFO - Running node: create_model_input_table_node: create_model_input_table([preprocessed_shuttles,preprocessed_companies,reviews]) -> [model_input_table]
2023-07-13 13:42:29,349 - kedro.io.data_catalog - INFO - Saving data to 'model_input_table' (ParquetDataSet)...
2023-07-13 13:42:30,299 - kedro.runner.sequential_runner - INFO - Completed 3 out of 6 tasks
2023-07-13 13:42:30,301 - kedro.io.data_catalog - INFO - Loading data from 'model_input_table' (ParquetDataSet)...
2023-07-13 13:42:30,562 - kedro.io.data_catalog - INFO - Loading data from 'params:model_options' (MemoryDataset)...
2023-07-13 13:42:30,605 - kedro.pipeline.node - INFO - Running node: split_data_node: split_data([model_input_table,params:model_options]) -> [X_train,X_test,y_train,y_test]
2023-07-13 13:42:30,814 - kedro.io.data_catalog - INFO - Saving data to 'X_train' (MemoryDataset)...
2023-07-13 13:42:30,851 - kedro.io.data_catalog - INFO - Saving data to 'X_test' (MemoryDataset)...
2023-07-13 13:42:30,870 - kedro.io.data_catalog - INFO - Saving data to 'y_train' (MemoryDataset)...
2023-07-13 13:42:30,879 - kedro.io.data_catalog - INFO - Saving data to 'y_test' (MemoryDataset)...
2023-07-13 13:42:30,917 - kedro.runner.sequential_runner - INFO - Completed 4 out of 6 tasks
2023-07-13 13:42:30,919 - kedro.io.data_catalog - INFO - Loading data from 'X_train' (MemoryDataset)...
2023-07-13 13:42:30,942 - kedro.io.data_catalog - INFO - Loading data from 'y_train' (MemoryDataset)...
2023-07-13 13:42:30,963 - kedro.pipeline.node - INFO - Running node: train_model_node: train_model([X_train,y_train]) -> [regressor]
2023-07-13 13:42:31,152 - kedro.io.data_catalog - INFO - Saving data to 'regressor' (PickleDataSet)...
2023-07-13 13:42:31,172 - kedro.runner.sequential_runner - INFO - Completed 5 out of 6 tasks
2023-07-13 13:42:31,175 - kedro.io.data_catalog - INFO - Loading data from 'regressor' (PickleDataSet)...
2023-07-13 13:42:31,181 - kedro.io.data_catalog - INFO - Loading data from 'X_test' (MemoryDataset)...
2023-07-13 13:42:31,199 - kedro.io.data_catalog - INFO - Loading data from 'y_test' (MemoryDataset)...
2023-07-13 13:42:31,218 - kedro.pipeline.node - INFO - Running node: evaluate_model_node: evaluate_model([regressor,X_test,y_test]) -> None
2023-07-13 13:42:31,238 - pyspark_spaceflights.pipelines.data_science.nodes - INFO - Model has a coefficient R^2 of 0.462 on test data.
2023-07-13 13:42:31,277 - kedro.runner.sequential_runner - INFO - Completed 6 out of 6 tasks
2023-07-13 13:42:31,279 - kedro.runner.sequential_runner - INFO - Pipeline execution completed successfully.
2023-07-13 16:34:17,535 - kedro.framework.session.session - INFO - Kedro project pyspark-spaceflights
2023-07-13 16:34:33,066 - kedro.io.data_catalog - INFO - Loading data from 'companies' (CSVDataSet)...
2023-07-13 16:34:33,170 - kedro.pipeline.node - INFO - Running node: preprocess_companies_node: preprocess_companies([companies]) -> [preprocessed_companies]
2023-07-13 16:34:33,252 - kedro.io.data_catalog - INFO - Saving data to 'preprocessed_companies' (ParquetDataSet)...
2023-07-13 16:34:33,583 - kedro.runner.sequential_runner - INFO - Completed 1 out of 6 tasks
2023-07-13 16:34:33,585 - kedro.io.data_catalog - INFO - Loading data from 'shuttles' (ExcelDataSet)...
2023-07-13 16:34:48,837 - kedro.pipeline.node - INFO - Running node: preprocess_shuttles_node: preprocess_shuttles([shuttles]) -> [preprocessed_shuttles]
2023-07-13 16:34:48,992 - kedro.io.data_catalog - INFO - Saving data to 'preprocessed_shuttles' (ParquetDataSet)...
2023-07-13 16:34:49,113 - kedro.runner.sequential_runner - INFO - Completed 2 out of 6 tasks
2023-07-13 16:34:49,115 - kedro.io.data_catalog - INFO - Loading data from 'preprocessed_shuttles' (ParquetDataSet)...
2023-07-13 16:34:49,422 - kedro.io.data_catalog - INFO - Loading data from 'preprocessed_companies' (ParquetDataSet)...
2023-07-13 16:34:49,503 - kedro.io.data_catalog - INFO - Loading data from 'reviews' (CSVDataSet)...
2023-07-13 16:34:49,770 - kedro.pipeline.node - INFO - Running node: create_model_input_table_node: create_model_input_table([preprocessed_shuttles,preprocessed_companies,reviews]) -> [model_input_table]
2023-07-13 16:34:52,460 - kedro.io.data_catalog - INFO - Saving data to 'model_input_table' (ParquetDataSet)...
2023-07-13 16:34:53,798 - kedro.runner.sequential_runner - INFO - Completed 3 out of 6 tasks
2023-07-13 16:34:53,800 - kedro.io.data_catalog - INFO - Loading data from 'model_input_table' (ParquetDataSet)...
2023-07-13 16:34:54,087 - kedro.io.data_catalog - INFO - Loading data from 'params:model_options' (MemoryDataset)...
2023-07-13 16:34:54,139 - kedro.pipeline.node - INFO - Running node: split_data_node: split_data([model_input_table,params:model_options]) -> [X_train,X_test,y_train,y_test]
2023-07-13 16:34:54,370 - kedro.io.data_catalog - INFO - Saving data to 'X_train' (MemoryDataset)...
2023-07-13 16:34:54,410 - kedro.io.data_catalog - INFO - Saving data to 'X_test' (MemoryDataset)...
2023-07-13 16:34:54,431 - kedro.io.data_catalog - INFO - Saving data to 'y_train' (MemoryDataset)...
2023-07-13 16:34:54,439 - kedro.io.data_catalog - INFO - Saving data to 'y_test' (MemoryDataset)...
2023-07-13 16:34:54,479 - kedro.runner.sequential_runner - INFO - Completed 4 out of 6 tasks
2023-07-13 16:34:54,481 - kedro.io.data_catalog - INFO - Loading data from 'X_train' (MemoryDataset)...
2023-07-13 16:34:54,513 - kedro.io.data_catalog - INFO - Loading data from 'y_train' (MemoryDataset)...
2023-07-13 16:34:54,539 - kedro.pipeline.node - INFO - Running node: train_model_node: train_model([X_train,y_train]) -> [regressor]
2023-07-13 16:34:54,757 - kedro.io.data_catalog - INFO - Saving data to 'regressor' (PickleDataSet)...
2023-07-13 16:34:54,781 - kedro.runner.sequential_runner - INFO - Completed 5 out of 6 tasks
2023-07-13 16:34:54,784 - kedro.io.data_catalog - INFO - Loading data from 'regressor' (PickleDataSet)...
2023-07-13 16:34:54,792 - kedro.io.data_catalog - INFO - Loading data from 'X_test' (MemoryDataset)...
2023-07-13 16:34:54,819 - kedro.io.data_catalog - INFO - Loading data from 'y_test' (MemoryDataset)...
2023-07-13 16:34:54,850 - kedro.pipeline.node - INFO - Running node: evaluate_model_node: evaluate_model([regressor,X_test,y_test]) -> None
2023-07-13 16:34:54,874 - pyspark_spaceflights.pipelines.data_science.nodes - INFO - Model has a coefficient R^2 of 0.462 on test data.
2023-07-13 16:34:54,925 - kedro.runner.sequential_runner - INFO - Completed 6 out of 6 tasks
2023-07-13 16:34:54,928 - kedro.runner.sequential_runner - INFO - Pipeline execution completed successfully.
2023-07-13 16:47:00,427 - kedro.framework.session.session - INFO - Kedro project pyspark-spaceflights
2023-07-13 16:50:31,412 - kedro.framework.session.session - INFO - Kedro project pyspark-spaceflights
2023-07-13 16:50:39,527 - kedro.io.data_catalog - INFO - Loading data from 'shuttles@excel' (ExcelDataSet)...
2023-07-13 16:50:54,039 - kedro.pipeline.node - INFO - Running node: load_shuttles_to_csv_node: load_shuttles_to_csv([shuttles@excel]) -> [shuttles@csv]
2023-07-13 16:50:54,100 - kedro.io.data_catalog - INFO - Saving data to 'shuttles@csv' (CSVDataSet)...
2023-07-13 16:50:54,658 - kedro.runner.sequential_runner - INFO - Completed 1 out of 7 tasks
2023-07-13 16:50:54,660 - kedro.io.data_catalog - INFO - Loading data from 'companies' (SparkDataSet)...
2023-07-13 16:51:03,093 - kedro.pipeline.node - INFO - Running node: preprocess_companies_node: preprocess_companies([companies]) -> [preprocessed_companies]
2023-07-13 16:51:03,168 - kedro.io.data_catalog - INFO - Saving data to 'preprocessed_companies' (SparkDataSet)...
2023-07-13 16:51:04,540 - kedro.runner.sequential_runner - INFO - Completed 2 out of 7 tasks
2023-07-13 16:51:04,542 - kedro.io.data_catalog - INFO - Loading data from 'shuttles@spark' (SparkDataSet)...
2023-07-13 16:51:05,095 - kedro.pipeline.node - INFO - Running node: preprocess_shuttles_node: preprocess_shuttles([shuttles@spark]) -> [preprocessed_shuttles]
2023-07-13 16:51:05,176 - kedro.io.data_catalog - INFO - Saving data to 'preprocessed_shuttles' (SparkDataSet)...
2023-07-13 16:51:06,262 - kedro.runner.sequential_runner - INFO - Completed 3 out of 7 tasks
2023-07-13 16:51:06,265 - kedro.io.data_catalog - INFO - Loading data from 'preprocessed_shuttles' (SparkDataSet)...
2023-07-13 16:51:06,843 - kedro.io.data_catalog - INFO - Loading data from 'preprocessed_companies' (SparkDataSet)...
2023-07-13 16:51:07,210 - kedro.io.data_catalog - INFO - Loading data from 'reviews' (SparkDataSet)...
2023-07-13 16:51:07,623 - kedro.pipeline.node - INFO - Running node: create_model_input_table_node: create_model_input_table([preprocessed_shuttles,preprocessed_companies,reviews]) -> [model_input_table@spark]
2023-07-13 16:51:07,711 - kedro.io.data_catalog - INFO - Saving data to 'model_input_table@spark' (SparkDataSet)...
2023-07-13 16:51:14,161 - kedro.runner.sequential_runner - INFO - Completed 4 out of 7 tasks
2023-07-13 16:51:14,165 - kedro.io.data_catalog - INFO - Loading data from 'model_input_table@pandas' (ParquetDataSet)...
2023-07-13 16:51:15,399 - kedro.io.data_catalog - INFO - Loading data from 'params:model_options' (MemoryDataset)...
2023-07-13 16:51:15,452 - kedro.pipeline.node - INFO - Running node: split_data_node: split_data([model_input_table@pandas,params:model_options]) -> [X_train,X_test,y_train,y_test]
2023-07-13 16:51:16,241 - kedro.io.data_catalog - INFO - Saving data to 'X_train' (MemoryDataset)...
2023-07-13 16:51:16,302 - kedro.io.data_catalog - INFO - Saving data to 'X_test' (MemoryDataset)...
2023-07-13 16:51:16,331 - kedro.io.data_catalog - INFO - Saving data to 'y_train' (MemoryDataset)...
2023-07-13 16:51:16,352 - kedro.io.data_catalog - INFO - Saving data to 'y_test' (MemoryDataset)...
2023-07-13 16:51:16,442 - kedro.runner.sequential_runner - INFO - Completed 5 out of 7 tasks
2023-07-13 16:51:16,444 - kedro.io.data_catalog - INFO - Loading data from 'X_train' (MemoryDataset)...
2023-07-13 16:51:16,479 - kedro.io.data_catalog - INFO - Loading data from 'y_train' (MemoryDataset)...
2023-07-13 16:51:16,501 - kedro.pipeline.node - INFO - Running node: train_model_node: train_model([X_train,y_train]) -> [regressor]
2023-07-13 16:51:16,773 - kedro.pipeline.node - ERROR - Node 'train_model_node: train_model([X_train,y_train]) -> [regressor]' failed with error: 
Input X contains NaN.
LinearRegression does not accept missing values encoded as NaN natively. For supervised learning, you might want to consider sklearn.ensemble.HistGradientBoostingClassifier and Regressor which accept missing values encoded as NaNs natively. Alternatively, it is possible to preprocess the data, for instance by using an imputer transformer in a pipeline or drop samples with missing values. See https://scikit-learn.org/stable/modules/impute.html You can find a list of all estimators that handle NaN values at the following page: https://scikit-learn.org/stable/modules/impute.html#estimators-that-handle-nan-values
2023-07-13 16:51:16,800 - kedro.runner.sequential_runner - WARNING - There are 2 nodes that have not run.
You can resume the pipeline run from the nearest nodes with persisted inputs by adding the following argument to your previous command:
  --from-nodes ""
2023-07-13 16:51:57,180 - kedro.framework.session.session - INFO - Kedro project pyspark-spaceflights
2023-07-13 16:52:04,356 - kedro.io.data_catalog - INFO - Loading data from 'shuttles@excel' (ExcelDataSet)...
2023-07-13 16:52:18,049 - kedro.pipeline.node - INFO - Running node: load_shuttles_to_csv_node: load_shuttles_to_csv([shuttles@excel]) -> [shuttles@csv]
2023-07-13 16:52:18,105 - kedro.io.data_catalog - INFO - Saving data to 'shuttles@csv' (CSVDataSet)...
2023-07-13 16:52:18,651 - kedro.runner.sequential_runner - INFO - Completed 1 out of 7 tasks
2023-07-13 16:52:18,653 - kedro.io.data_catalog - INFO - Loading data from 'companies' (SparkDataSet)...
2023-07-13 16:52:25,530 - kedro.pipeline.node - INFO - Running node: preprocess_companies_node: preprocess_companies([companies]) -> [preprocessed_companies]
2023-07-13 16:52:25,602 - kedro.io.data_catalog - INFO - Saving data to 'preprocessed_companies' (SparkDataSet)...
2023-07-13 16:52:26,937 - kedro.runner.sequential_runner - INFO - Completed 2 out of 7 tasks
2023-07-13 16:52:26,939 - kedro.io.data_catalog - INFO - Loading data from 'shuttles@spark' (SparkDataSet)...
2023-07-13 16:52:27,511 - kedro.pipeline.node - INFO - Running node: preprocess_shuttles_node: preprocess_shuttles([shuttles@spark]) -> [preprocessed_shuttles]
2023-07-13 16:52:27,595 - kedro.io.data_catalog - INFO - Saving data to 'preprocessed_shuttles' (SparkDataSet)...
2023-07-13 16:52:28,738 - kedro.runner.sequential_runner - INFO - Completed 3 out of 7 tasks
2023-07-13 16:52:28,740 - kedro.io.data_catalog - INFO - Loading data from 'preprocessed_shuttles' (SparkDataSet)...
2023-07-13 16:52:29,218 - kedro.io.data_catalog - INFO - Loading data from 'preprocessed_companies' (SparkDataSet)...
2023-07-13 16:52:29,633 - kedro.io.data_catalog - INFO - Loading data from 'reviews' (SparkDataSet)...
2023-07-13 16:52:30,014 - kedro.pipeline.node - INFO - Running node: create_model_input_table_node: create_model_input_table([preprocessed_shuttles,preprocessed_companies,reviews]) -> [model_input_table@spark]
2023-07-13 16:52:30,097 - kedro.io.data_catalog - INFO - Saving data to 'model_input_table@spark' (SparkDataSet)...
2023-07-13 16:52:36,060 - kedro.runner.sequential_runner - INFO - Completed 4 out of 7 tasks
2023-07-13 16:52:36,063 - kedro.io.data_catalog - INFO - Loading data from 'model_input_table@pandas' (ParquetDataSet)...
2023-07-13 16:52:36,779 - kedro.io.data_catalog - INFO - Loading data from 'params:model_options' (MemoryDataset)...
2023-07-13 16:52:36,817 - kedro.pipeline.node - INFO - Running node: split_data_node: split_data([model_input_table@pandas,params:model_options]) -> [X_train,X_test,y_train,y_test]
2023-07-13 16:52:39,555 - kedro.io.data_catalog - INFO - Saving data to 'X_train' (MemoryDataset)...
2023-07-13 16:52:39,592 - kedro.io.data_catalog - INFO - Saving data to 'X_test' (MemoryDataset)...
2023-07-13 16:52:39,613 - kedro.io.data_catalog - INFO - Saving data to 'y_train' (MemoryDataset)...
2023-07-13 16:52:39,619 - kedro.io.data_catalog - INFO - Saving data to 'y_test' (MemoryDataset)...
2023-07-13 16:52:39,687 - kedro.runner.sequential_runner - INFO - Completed 5 out of 7 tasks
2023-07-13 16:52:39,689 - kedro.io.data_catalog - INFO - Loading data from 'X_train' (MemoryDataset)...
2023-07-13 16:52:39,713 - kedro.io.data_catalog - INFO - Loading data from 'y_train' (MemoryDataset)...
2023-07-13 16:52:39,734 - kedro.pipeline.node - INFO - Running node: train_model_node: train_model([X_train,y_train]) -> [regressor]
2023-07-13 16:52:39,945 - kedro.io.data_catalog - INFO - Saving data to 'regressor' (PickleDataSet)...
2023-07-13 16:52:39,983 - kedro.runner.sequential_runner - INFO - Completed 6 out of 7 tasks
2023-07-13 16:52:39,985 - kedro.io.data_catalog - INFO - Loading data from 'regressor' (PickleDataSet)...
2023-07-13 16:52:39,991 - kedro.io.data_catalog - INFO - Loading data from 'X_test' (MemoryDataset)...
2023-07-13 16:52:40,009 - kedro.io.data_catalog - INFO - Loading data from 'y_test' (MemoryDataset)...
2023-07-13 16:52:40,029 - kedro.pipeline.node - INFO - Running node: evaluate_model_node: evaluate_model([regressor,X_test,y_test]) -> None
2023-07-13 16:52:40,066 - pyspark_spaceflights.pipelines.data_science.nodes - INFO - Model has a coefficient R^2 of 0.470 on test data.
2023-07-13 16:52:40,102 - kedro.runner.sequential_runner - INFO - Completed 7 out of 7 tasks
2023-07-13 16:52:40,104 - kedro.runner.sequential_runner - INFO - Pipeline execution completed successfully.
2023-07-13 17:00:18,041 - kedro.framework.session.session - INFO - Kedro project pyspark-spaceflights
2023-07-13 17:00:35,843 - kedro.io.data_catalog - INFO - Loading data from 'shuttles@excel' (ExcelDataSet)...
2023-07-13 17:00:53,116 - kedro.pipeline.node - INFO - Running node: load_shuttles_to_csv_node: load_shuttles_to_csv([shuttles@excel]) -> [shuttles@csv]
2023-07-13 17:00:53,172 - kedro.io.data_catalog - INFO - Saving data to 'shuttles@csv' (CSVDataSet)...
2023-07-13 17:00:53,753 - kedro.runner.sequential_runner - INFO - Completed 1 out of 7 tasks
2023-07-13 17:00:53,755 - kedro.io.data_catalog - INFO - Loading data from 'companies' (SparkDataSet)...
2023-07-13 17:01:02,386 - kedro.pipeline.node - INFO - Running node: preprocess_companies_node: preprocess_companies([companies]) -> [preprocessed_companies]
2023-07-13 17:01:02,482 - kedro.io.data_catalog - INFO - Saving data to 'preprocessed_companies' (SparkDataSet)...
2023-07-13 17:01:04,149 - kedro.runner.sequential_runner - INFO - Completed 2 out of 7 tasks
2023-07-13 17:01:04,153 - kedro.io.data_catalog - INFO - Loading data from 'shuttles@spark' (SparkDataSet)...
2023-07-13 17:01:04,941 - kedro.pipeline.node - INFO - Running node: preprocess_shuttles_node: preprocess_shuttles([shuttles@spark]) -> [preprocessed_shuttles]
2023-07-13 17:01:05,047 - kedro.io.data_catalog - INFO - Saving data to 'preprocessed_shuttles' (SparkDataSet)...
2023-07-13 17:01:06,212 - kedro.runner.sequential_runner - INFO - Completed 3 out of 7 tasks
2023-07-13 17:01:06,214 - kedro.io.data_catalog - INFO - Loading data from 'preprocessed_shuttles' (SparkDataSet)...
2023-07-13 17:01:06,735 - kedro.io.data_catalog - INFO - Loading data from 'preprocessed_companies' (SparkDataSet)...
2023-07-13 17:01:07,163 - kedro.io.data_catalog - INFO - Loading data from 'reviews' (SparkDataSet)...
2023-07-13 17:01:07,726 - kedro.pipeline.node - INFO - Running node: create_model_input_table_node: create_model_input_table([preprocessed_shuttles,preprocessed_companies,reviews]) -> [model_input_table@spark]
2023-07-13 17:01:07,844 - kedro.io.data_catalog - INFO - Saving data to 'model_input_table@spark' (SparkDataSet)...
2023-07-13 17:01:13,064 - kedro.runner.sequential_runner - INFO - Completed 4 out of 7 tasks
2023-07-13 17:01:13,067 - kedro.io.data_catalog - INFO - Loading data from 'model_input_table@pandas' (ParquetDataSet)...
2023-07-13 17:01:13,735 - kedro.io.data_catalog - INFO - Loading data from 'params:model_options' (MemoryDataset)...
2023-07-13 17:01:13,774 - kedro.pipeline.node - INFO - Running node: split_data_node: split_data([model_input_table@pandas,params:model_options]) -> [X_train,X_test,y_train,y_test]
2023-07-13 17:01:14,046 - kedro.io.data_catalog - INFO - Saving data to 'X_train' (MemoryDataset)...
2023-07-13 17:01:14,098 - kedro.io.data_catalog - INFO - Saving data to 'X_test' (MemoryDataset)...
2023-07-13 17:01:14,129 - kedro.io.data_catalog - INFO - Saving data to 'y_train' (MemoryDataset)...
2023-07-13 17:01:14,136 - kedro.io.data_catalog - INFO - Saving data to 'y_test' (MemoryDataset)...
2023-07-13 17:01:14,176 - kedro.runner.sequential_runner - INFO - Completed 5 out of 7 tasks
2023-07-13 17:01:14,179 - kedro.io.data_catalog - INFO - Loading data from 'X_train' (MemoryDataset)...
2023-07-13 17:01:14,206 - kedro.io.data_catalog - INFO - Loading data from 'y_train' (MemoryDataset)...
2023-07-13 17:01:14,226 - kedro.pipeline.node - INFO - Running node: train_model_node: train_model([X_train,y_train]) -> [regressor]
2023-07-13 17:01:14,446 - kedro.io.data_catalog - INFO - Saving data to 'regressor' (PickleDataSet)...
2023-07-13 17:01:14,469 - kedro.runner.sequential_runner - INFO - Completed 6 out of 7 tasks
2023-07-13 17:01:14,472 - kedro.io.data_catalog - INFO - Loading data from 'regressor' (PickleDataSet)...
2023-07-13 17:01:14,478 - kedro.io.data_catalog - INFO - Loading data from 'X_test' (MemoryDataset)...
2023-07-13 17:01:14,497 - kedro.io.data_catalog - INFO - Loading data from 'y_test' (MemoryDataset)...
2023-07-13 17:01:14,516 - kedro.pipeline.node - INFO - Running node: evaluate_model_node: evaluate_model([regressor,X_test,y_test]) -> None
2023-07-13 17:01:14,546 - pyspark_spaceflights.pipelines.data_science.nodes - INFO - Model has a coefficient R^2 of 0.470 on test data.
2023-07-13 17:01:14,583 - kedro.runner.sequential_runner - INFO - Completed 7 out of 7 tasks
2023-07-13 17:01:14,585 - kedro.runner.sequential_runner - INFO - Pipeline execution completed successfully.
2023-07-13 17:05:39,237 - kedro.framework.session.session - INFO - Kedro project pyspark-spaceflights
2023-07-13 17:05:45,696 - py.warnings - WARNING - /Users/merel_theisen/anaconda3/envs/sandbox/lib/python3.10/site-packages/kedro/framework/project/__init__.py:359: UserWarning: An error occurred while importing the 'pyspark_spaceflights.pipelines.data_processing' module. Nothing defined therein will be returned by 'find_pipelines'.

Traceback (most recent call last):
  File "/Users/merel_theisen/anaconda3/envs/sandbox/lib/python3.10/site-packages/kedro/framework/project/__init__.py", line 357, in find_pipelines
    pipeline_module = importlib.import_module(pipeline_module_name)
  File "/Users/merel_theisen/anaconda3/envs/sandbox/lib/python3.10/importlib/__init__.py", line 126, in import_module
    return _bootstrap._gcd_import(name[level:], package, level)
  File "<frozen importlib._bootstrap>", line 1050, in _gcd_import
  File "<frozen importlib._bootstrap>", line 1027, in _find_and_load
  File "<frozen importlib._bootstrap>", line 1006, in _find_and_load_unlocked
  File "<frozen importlib._bootstrap>", line 688, in _load_unlocked
  File "<frozen importlib._bootstrap_external>", line 883, in exec_module
  File "<frozen importlib._bootstrap>", line 241, in _call_with_frames_removed
  File "/Users/merel_theisen/Projects/Testing/utilities/spaceflights-projects/pyspark-spaceflights/src/pyspark_spaceflights/pipelines/data_processing/__init__.py", line 3, in <module>
    from .pipeline import create_pipeline  # NOQA
  File "/Users/merel_theisen/Projects/Testing/utilities/spaceflights-projects/pyspark-spaceflights/src/pyspark_spaceflights/pipelines/data_processing/pipeline.py", line 3, in <module>
    from .nodes import create_model_input_table, preprocess_companies, preprocess_shuttles, load_shuttles_to_csv
ImportError: cannot import name 'load_shuttles_to_csv' from 'pyspark_spaceflights.pipelines.data_processing.nodes' (/Users/merel_theisen/Projects/Testing/utilities/spaceflights-projects/pyspark-spaceflights/src/pyspark_spaceflights/pipelines/data_processing/nodes.py)

  warnings.warn(

2023-07-13 17:05:46,159 - kedro.io.data_catalog - INFO - Loading data from 'model_input_table@pandas' (ParquetDataSet)...
2023-07-13 17:05:46,500 - kedro.io.data_catalog - INFO - Loading data from 'params:model_options' (MemoryDataset)...
2023-07-13 17:05:46,539 - kedro.pipeline.node - INFO - Running node: split_data_node: split_data([model_input_table@pandas,params:model_options]) -> [X_train,X_test,y_train,y_test]
2023-07-13 17:05:46,808 - kedro.io.data_catalog - INFO - Saving data to 'X_train' (MemoryDataset)...
2023-07-13 17:05:46,843 - kedro.io.data_catalog - INFO - Saving data to 'X_test' (MemoryDataset)...
2023-07-13 17:05:46,862 - kedro.io.data_catalog - INFO - Saving data to 'y_train' (MemoryDataset)...
2023-07-13 17:05:46,871 - kedro.io.data_catalog - INFO - Saving data to 'y_test' (MemoryDataset)...
2023-07-13 17:05:46,902 - kedro.runner.sequential_runner - INFO - Completed 1 out of 3 tasks
2023-07-13 17:05:46,904 - kedro.io.data_catalog - INFO - Loading data from 'X_train' (MemoryDataset)...
2023-07-13 17:05:46,925 - kedro.io.data_catalog - INFO - Loading data from 'y_train' (MemoryDataset)...
2023-07-13 17:05:46,945 - kedro.pipeline.node - INFO - Running node: train_model_node: train_model([X_train,y_train]) -> [regressor]
2023-07-13 17:05:47,160 - kedro.io.data_catalog - INFO - Saving data to 'regressor' (PickleDataSet)...
2023-07-13 17:05:47,183 - kedro.runner.sequential_runner - INFO - Completed 2 out of 3 tasks
2023-07-13 17:05:47,185 - kedro.io.data_catalog - INFO - Loading data from 'regressor' (PickleDataSet)...
2023-07-13 17:05:47,190 - kedro.io.data_catalog - INFO - Loading data from 'X_test' (MemoryDataset)...
2023-07-13 17:05:47,212 - kedro.io.data_catalog - INFO - Loading data from 'y_test' (MemoryDataset)...
2023-07-13 17:05:47,232 - kedro.pipeline.node - INFO - Running node: evaluate_model_node: evaluate_model([regressor,X_test,y_test]) -> None
2023-07-13 17:05:47,260 - pyspark_spaceflights.pipelines.data_science.nodes - INFO - Model has a coefficient R^2 of 0.470 on test data.
2023-07-13 17:05:47,299 - kedro.runner.sequential_runner - INFO - Completed 3 out of 3 tasks
2023-07-13 17:05:47,301 - kedro.runner.sequential_runner - INFO - Pipeline execution completed successfully.
2023-07-13 17:06:05,397 - kedro.framework.session.session - INFO - Kedro project pyspark-spaceflights
2023-07-13 17:06:11,879 - kedro.io.data_catalog - INFO - Loading data from 'companies' (SparkDataSet)...
2023-07-13 17:06:18,868 - kedro.pipeline.node - INFO - Running node: preprocess_companies_node: preprocess_companies([companies]) -> [preprocessed_companies]
2023-07-13 17:06:18,939 - kedro.io.data_catalog - INFO - Saving data to 'preprocessed_companies' (SparkDataSet)...
2023-07-13 17:06:20,307 - kedro.runner.sequential_runner - INFO - Completed 1 out of 6 tasks
2023-07-13 17:06:20,309 - kedro.io.data_catalog - INFO - Loading data from 'shuttles' (SparkDataSet)...
2023-07-13 17:06:20,556 - kedro.runner.sequential_runner - WARNING - There are 5 nodes that have not run.
You can resume the pipeline run from the nearest nodes with persisted inputs by adding the following argument to your previous command:
  --from-nodes "preprocess_shuttles_node,create_model_input_table_node"
2023-07-13 17:10:24,919 - kedro.framework.session.session - INFO - Kedro project pyspark-spaceflights
2023-07-13 17:10:35,115 - kedro.io.data_catalog - INFO - Loading data from 'shuttles@excel' (ExcelDataSet)...
2023-07-13 17:10:52,313 - kedro.pipeline.node - INFO - Running node: load_shuttles_to_csv_node: load_shuttles_to_csv([shuttles@excel]) -> [shuttles@csv]
2023-07-13 17:10:52,422 - kedro.io.data_catalog - INFO - Saving data to 'shuttles@csv' (CSVDataSet)...
2023-07-13 17:10:53,011 - kedro.runner.sequential_runner - INFO - Completed 1 out of 7 tasks
2023-07-13 17:10:53,013 - kedro.io.data_catalog - INFO - Loading data from 'companies' (SparkDataSet)...
2023-07-13 17:11:00,272 - kedro.pipeline.node - INFO - Running node: preprocess_companies_node: preprocess_companies([companies]) -> [preprocessed_companies]
2023-07-13 17:11:00,344 - kedro.io.data_catalog - INFO - Saving data to 'preprocessed_companies' (SparkDataSet)...
2023-07-13 17:11:01,838 - kedro.runner.sequential_runner - INFO - Completed 2 out of 7 tasks
2023-07-13 17:11:01,840 - kedro.io.data_catalog - INFO - Loading data from 'shuttles@spark' (SparkDataSet)...
2023-07-13 17:11:02,497 - kedro.pipeline.node - INFO - Running node: preprocess_shuttles_node: preprocess_shuttles([shuttles@spark]) -> [preprocessed_shuttles]
2023-07-13 17:11:02,588 - kedro.io.data_catalog - INFO - Saving data to 'preprocessed_shuttles' (SparkDataSet)...
2023-07-13 17:11:03,584 - kedro.runner.sequential_runner - INFO - Completed 3 out of 7 tasks
2023-07-13 17:11:03,587 - kedro.io.data_catalog - INFO - Loading data from 'preprocessed_shuttles' (SparkDataSet)...
2023-07-13 17:11:04,104 - kedro.io.data_catalog - INFO - Loading data from 'preprocessed_companies' (SparkDataSet)...
2023-07-13 17:11:04,481 - kedro.io.data_catalog - INFO - Loading data from 'reviews' (SparkDataSet)...
2023-07-13 17:11:04,868 - kedro.pipeline.node - INFO - Running node: create_model_input_table_node: create_model_input_table([preprocessed_shuttles,preprocessed_companies,reviews]) -> [model_input_table@spark]
2023-07-13 17:11:04,968 - kedro.io.data_catalog - INFO - Saving data to 'model_input_table@spark' (SparkDataSet)...
2023-07-13 17:11:10,525 - kedro.runner.sequential_runner - INFO - Completed 4 out of 7 tasks
2023-07-13 17:11:10,527 - kedro.io.data_catalog - INFO - Loading data from 'model_input_table@pandas' (ParquetDataSet)...
2023-07-13 17:11:11,030 - kedro.io.data_catalog - INFO - Loading data from 'params:model_options' (MemoryDataset)...
2023-07-13 17:11:11,082 - kedro.pipeline.node - INFO - Running node: split_data_node: split_data([model_input_table@pandas,params:model_options]) -> [X_train,X_test,y_train,y_test]
2023-07-13 17:11:11,342 - kedro.io.data_catalog - INFO - Saving data to 'X_train' (MemoryDataset)...
2023-07-13 17:11:11,381 - kedro.io.data_catalog - INFO - Saving data to 'X_test' (MemoryDataset)...
2023-07-13 17:11:11,401 - kedro.io.data_catalog - INFO - Saving data to 'y_train' (MemoryDataset)...
2023-07-13 17:11:11,407 - kedro.io.data_catalog - INFO - Saving data to 'y_test' (MemoryDataset)...
2023-07-13 17:11:11,441 - kedro.runner.sequential_runner - INFO - Completed 5 out of 7 tasks
2023-07-13 17:11:11,444 - kedro.io.data_catalog - INFO - Loading data from 'X_train' (MemoryDataset)...
2023-07-13 17:11:11,466 - kedro.io.data_catalog - INFO - Loading data from 'y_train' (MemoryDataset)...
2023-07-13 17:11:11,485 - kedro.pipeline.node - INFO - Running node: train_model_node: train_model([X_train,y_train]) -> [regressor]
2023-07-13 17:11:11,693 - kedro.io.data_catalog - INFO - Saving data to 'regressor' (PickleDataSet)...
2023-07-13 17:11:11,718 - kedro.runner.sequential_runner - INFO - Completed 6 out of 7 tasks
2023-07-13 17:11:11,721 - kedro.io.data_catalog - INFO - Loading data from 'regressor' (PickleDataSet)...
2023-07-13 17:11:11,729 - kedro.io.data_catalog - INFO - Loading data from 'X_test' (MemoryDataset)...
2023-07-13 17:11:11,747 - kedro.io.data_catalog - INFO - Loading data from 'y_test' (MemoryDataset)...
2023-07-13 17:11:11,766 - kedro.pipeline.node - INFO - Running node: evaluate_model_node: evaluate_model([regressor,X_test,y_test]) -> None
2023-07-13 17:11:11,793 - pyspark_spaceflights.pipelines.data_science.nodes - INFO - Model has a coefficient R^2 of 0.470 on test data.
2023-07-13 17:11:11,834 - kedro.runner.sequential_runner - INFO - Completed 7 out of 7 tasks
2023-07-13 17:11:11,836 - kedro.runner.sequential_runner - INFO - Pipeline execution completed successfully.
